INFO 2020-12-09 14:58:55,671 root : Сервер доступний. Час на сервері: 2020-12-09
INFO 2020-12-09 14:58:55,672 root : Запитувана сторінка: : http://localhost:8000/health/
INFO 2020-12-09 14:58:55,672 root : Відповідь сервера містить наступні поля:
INFO 2020-12-09 14:58:55,672 root : Ключ: date, Значення: 2020-12-09
INFO 2020-12-09 14:58:55,672 root : Ключ: current_page, Значення: http://localhost:8000/health/
INFO 2020-12-09 14:58:55,672 root : Ключ: server_info, Значення: c5079925239f
INFO 2020-12-09 14:58:55,672 root : Ключ: client_info, Значення: {'user_agent': 'python-requests/2.25.0', 'user_ip': '172.17.0.1', 'user_host': ''}
INFO 2020-12-09 14:59:55,750 root : Сервер доступний. Час на сервері: 2020-12-09
INFO 2020-12-09 14:59:55,751 root : Запитувана сторінка: : http://localhost:8000/health/
INFO 2020-12-09 14:59:55,751 root : Відповідь сервера містить наступні поля:
INFO 2020-12-09 14:59:55,751 root : Ключ: date, Значення: 2020-12-09
INFO 2020-12-09 14:59:55,751 root : Ключ: current_page, Значення: http://localhost:8000/health/
INFO 2020-12-09 14:59:55,752 root : Ключ: server_info, Значення: c5079925239f
INFO 2020-12-09 14:59:55,752 root : Ключ: client_info, Значення: {'user_agent': 'python-requests/2.25.0', 'user_ip': '172.17.0.1', 'user_host': ''}
INFO 2020-12-09 15:00:55,826 root : Сервер доступний. Час на сервері: 2020-12-09
INFO 2020-12-09 15:00:55,827 root : Запитувана сторінка: : http://localhost:8000/health/
INFO 2020-12-09 15:00:55,827 root : Відповідь сервера містить наступні поля:
INFO 2020-12-09 15:00:55,827 root : Ключ: date, Значення: 2020-12-09
INFO 2020-12-09 15:00:55,827 root : Ключ: current_page, Значення: http://localhost:8000/health/
INFO 2020-12-09 15:00:55,827 root : Ключ: server_info, Значення: c5079925239f
INFO 2020-12-09 15:00:55,827 root : Ключ: client_info, Значення: {'user_agent': 'python-requests/2.25.0', 'user_ip': '172.17.0.1', 'user_host': ''}
INFO 2020-12-09 15:05:16,272 root : Сервер доступний. Час на сервері: 2020-12-09
INFO 2020-12-09 15:05:16,294 root : Запитувана сторінка: : http://localhost:8000/health/
INFO 2020-12-09 15:05:16,295 root : Відповідь сервера містить наступні поля:
INFO 2020-12-09 15:05:16,295 root : Ключ: date, Значення: 2020-12-09
INFO 2020-12-09 15:05:16,295 root : Ключ: current_page, Значення: http://localhost:8000/health/
INFO 2020-12-09 15:05:16,296 root : Ключ: server_info, Значення: 10f152372a6c
INFO 2020-12-09 15:05:16,296 root : Ключ: client_info, Значення: {'user_agent': 'python-requests/2.25.0', 'user_ip': '172.17.0.1', 'user_host': ''}
INFO 2020-12-09 15:06:16,373 root : Сервер доступний. Час на сервері: 2020-12-09
INFO 2020-12-09 15:06:16,373 root : Запитувана сторінка: : http://localhost:8000/health/
INFO 2020-12-09 15:06:16,373 root : Відповідь сервера містить наступні поля:
INFO 2020-12-09 15:06:16,374 root : Ключ: date, Значення: 2020-12-09
INFO 2020-12-09 15:06:16,374 root : Ключ: current_page, Значення: http://localhost:8000/health/
INFO 2020-12-09 15:06:16,374 root : Ключ: server_info, Значення: 10f152372a6c
INFO 2020-12-09 15:06:16,374 root : Ключ: client_info, Значення: {'user_agent': 'python-requests/2.25.0', 'user_ip': '172.17.0.1', 'user_host': ''}
INFO 2020-12-09 15:07:16,405 root : Сервер доступний. Час на сервері: 2020-12-09
INFO 2020-12-09 15:07:16,405 root : Запитувана сторінка: : http://localhost:8000/health/
INFO 2020-12-09 15:07:16,405 root : Відповідь сервера містить наступні поля:
INFO 2020-12-09 15:07:16,405 root : Ключ: date, Значення: 2020-12-09
INFO 2020-12-09 15:07:16,405 root : Ключ: current_page, Значення: http://localhost:8000/health/
INFO 2020-12-09 15:07:16,405 root : Ключ: server_info, Значення: 10f152372a6c
INFO 2020-12-09 15:07:16,405 root : Ключ: client_info, Значення: {'user_agent': 'python-requests/2.25.0', 'user_ip': '172.17.0.1', 'user_host': ''}
